Using pre-set license
Built from '2020.3/staging' branch; Version is '2020.3.11f1 (99c7afb366b3) revision 10078127'; Using compiler version '192528614'; Build Type 'Release'
OS: 'Windows 10 Home Single Language; OS build 19041.985; Version 2004; 64bit' Language: 'en' Physical Memory: 8111 MB
BatchMode: 1, IsHumanControllingUs: 0, StartBugReporterOnCrash: 0, Is64bit: 1, IsPro: 0

 COMMAND LINE ARGUMENTS:
C:\Program Files\Unity\Hub\Editor\2020.3.11f1\Editor\Unity.exe
-adb2
-batchMode
-noUpm
-name
AssetImportWorker2
-projectPath
W:/Unity Projects/Space Shooter Pro
-logFile
Logs/AssetImportWorker2.log
-srvPort
52106
Successfully changed project path to: W:/Unity Projects/Space Shooter Pro
W:/Unity Projects/Space Shooter Pro
Using Asset Import Pipeline V2.
Refreshing native plugins compatible for Editor in 85.79 ms, found 3 plugins.
Preloading 0 native plugins for Editor in 0.00 ms.
Initialize engine version: 2020.3.11f1 (99c7afb366b3)
[Subsystems] Discovering subsystems at path C:/Program Files/Unity/Hub/Editor/2020.3.11f1/Editor/Data/Resources/UnitySubsystems
[Subsystems] Discovering subsystems at path W:/Unity Projects/Space Shooter Pro/Assets
GfxDevice: creating device client; threaded=0
Direct3D:
    Version:  Direct3D 11.0 [level 11.1]
    Renderer: NVIDIA GeForce GTX 1650 (ID=0x1f91)
    Vendor:   
    VRAM:     3962 MB
    Driver:   27.21.14.6627
Initialize mono
Mono path[0] = 'C:/Program Files/Unity/Hub/Editor/2020.3.11f1/Editor/Data/Managed'
Mono path[1] = 'C:/Program Files/Unity/Hub/Editor/2020.3.11f1/Editor/Data/MonoBleedingEdge/lib/mono/unityjit'
Mono config path = 'C:/Program Files/Unity/Hub/Editor/2020.3.11f1/Editor/Data/MonoBleedingEdge/etc'
Using monoOptions --debugger-agent=transport=dt_socket,embedding=1,server=y,suspend=n,address=127.0.0.1:56328
Begin MonoManager ReloadAssembly
Registering precompiled unity dll's ...
Register platform support module: C:/Program Files/Unity/Hub/Editor/2020.3.11f1/Editor/Data/PlaybackEngines/WindowsStandaloneSupport/UnityEditor.WindowsStandalone.Extensions.dll
Registered in 0.002378 seconds.
Native extension for WindowsStandalone target not found
Refreshing native plugins compatible for Editor in 95.61 ms, found 3 plugins.
Preloading 0 native plugins for Editor in 0.00 ms.
Mono: successfully reloaded assembly
- Completed reload, in  1.895 seconds
Platform modules already initialized, skipping
Registering precompiled user dll's ...
Registered in 0.004354 seconds.
Begin MonoManager ReloadAssembly
Native extension for WindowsStandalone target not found
Refreshing native plugins compatible for Editor in 0.60 ms, found 3 plugins.
Preloading 0 native plugins for Editor in 0.00 ms.
Mono: successfully reloaded assembly
- Completed reload, in  1.101 seconds
Platform modules already initialized, skipping
========================================================================
Worker process is ready to serve import requests
Launched and connected shader compiler UnityShaderCompiler.exe after 0.17 seconds
Refreshing native plugins compatible for Editor in 0.78 ms, found 3 plugins.
Preloading 0 native plugins for Editor in 0.00 ms.
Unloading 3066 Unused Serialized files (Serialized files now loaded: 0)
System memory in use before: 114.0 MB.
System memory in use after: 114.2 MB.

Unloading 23 unused Assets to reduce memory usage. Loaded Objects now: 3496.
Total: 2.203400 ms (FindLiveObjects: 0.270400 ms CreateObjectMapping: 0.114700 ms MarkObjects: 1.759900 ms  DeleteObjects: 0.057600 ms)

========================================================================
Received Import Request.
  path: Assets/Scripts/Game/Asteroid.cs
  artifactKey: Guid(16395d5a8b4365b4ba801f949fb063f4) Importer(815301076,1909f56bfc062723c751e8b465ee728b)
Start importing Assets/Scripts/Game/Asteroid.cs using Guid(16395d5a8b4365b4ba801f949fb063f4) Importer(815301076,1909f56bfc062723c751e8b465ee728b)  -> (artifact id: 'b76dbe860bb072f47e9f24caeb0fd80a') in 0.127740 seconds
  Import took 0.152613 seconds .

========================================================================
Received Prepare
Registering precompiled user dll's ...
Registered in 0.004315 seconds.
Begin MonoManager ReloadAssembly
Native extension for WindowsStandalone target not found
Refreshing native plugins compatible for Editor in 0.67 ms, found 3 plugins.
Preloading 0 native plugins for Editor in 0.00 ms.
Mono: successfully reloaded assembly
- Completed reload, in  1.048 seconds
Platform modules already initialized, skipping
Refreshing native plugins compatible for Editor in 0.89 ms, found 3 plugins.
Preloading 0 native plugins for Editor in 0.00 ms.
Unloading 3033 Unused Serialized files (Serialized files now loaded: 0)
System memory in use before: 111.3 MB.
System memory in use after: 111.5 MB.

Unloading 18 unused Assets to reduce memory usage. Loaded Objects now: 3499.
Total: 2.787800 ms (FindLiveObjects: 0.375500 ms CreateObjectMapping: 0.239400 ms MarkObjects: 2.143900 ms  DeleteObjects: 0.027900 ms)

========================================================================
Received Prepare
Registering precompiled user dll's ...
Registered in 0.004712 seconds.
Begin MonoManager ReloadAssembly
Native extension for WindowsStandalone target not found
Refreshing native plugins compatible for Editor in 0.80 ms, found 3 plugins.
Preloading 0 native plugins for Editor in 0.00 ms.
Mono: successfully reloaded assembly
- Completed reload, in  1.047 seconds
Platform modules already initialized, skipping
Refreshing native plugins compatible for Editor in 0.71 ms, found 3 plugins.
Preloading 0 native plugins for Editor in 0.00 ms.
Unloading 3033 Unused Serialized files (Serialized files now loaded: 0)
System memory in use before: 111.3 MB.
System memory in use after: 111.6 MB.

Unloading 18 unused Assets to reduce memory usage. Loaded Objects now: 3502.
Total: 2.821300 ms (FindLiveObjects: 0.416300 ms CreateObjectMapping: 0.157900 ms MarkObjects: 2.218000 ms  DeleteObjects: 0.028000 ms)

========================================================================
Received Import Request.
  Time since last request: 555.827117 seconds.
  path: Assets/Prefabs/Enemy/Enemy.prefab
  artifactKey: Guid(84bc7c5fcc61e5749945296e84a22674) Importer(815301076,1909f56bfc062723c751e8b465ee728b)
Start importing Assets/Prefabs/Enemy/Enemy.prefab using Guid(84bc7c5fcc61e5749945296e84a22674) Importer(815301076,1909f56bfc062723c751e8b465ee728b)  -> (artifact id: 'c40132120b588f4ba2b7a4a7dd1aa9ab') in 0.164720 seconds
  Import took 0.177856 seconds .

========================================================================
Received Prepare
Registering precompiled user dll's ...
Registered in 0.075914 seconds.
Begin MonoManager ReloadAssembly
Native extension for WindowsStandalone target not found
Refreshing native plugins compatible for Editor in 0.64 ms, found 3 plugins.
Preloading 0 native plugins for Editor in 0.00 ms.
Mono: successfully reloaded assembly
- Completed reload, in  0.952 seconds
Platform modules already initialized, skipping
Refreshing native plugins compatible for Editor in 0.60 ms, found 3 plugins.
Preloading 0 native plugins for Editor in 0.00 ms.
Unloading 3033 Unused Serialized files (Serialized files now loaded: 0)
System memory in use before: 114.4 MB.
System memory in use after: 114.6 MB.

Unloading 18 unused Assets to reduce memory usage. Loaded Objects now: 3512.
Total: 2.181800 ms (FindLiveObjects: 0.261800 ms CreateObjectMapping: 0.139600 ms MarkObjects: 1.763700 ms  DeleteObjects: 0.015800 ms)

========================================================================
Received Prepare
Registering precompiled user dll's ...
Registered in 0.004934 seconds.
Begin MonoManager ReloadAssembly
Native extension for WindowsStandalone target not found
Refreshing native plugins compatible for Editor in 0.89 ms, found 3 plugins.
Preloading 0 native plugins for Editor in 0.00 ms.
Mono: successfully reloaded assembly
- Completed reload, in  1.105 seconds
Platform modules already initialized, skipping
Refreshing native plugins compatible for Editor in 1.05 ms, found 3 plugins.
Preloading 0 native plugins for Editor in 0.00 ms.
Unloading 3033 Unused Serialized files (Serialized files now loaded: 0)
System memory in use before: 114.4 MB.
System memory in use after: 114.6 MB.

Unloading 18 unused Assets to reduce memory usage. Loaded Objects now: 3515.
Total: 2.750700 ms (FindLiveObjects: 0.413100 ms CreateObjectMapping: 0.201400 ms MarkObjects: 2.112900 ms  DeleteObjects: 0.022000 ms)

========================================================================
Received Prepare
Registering precompiled user dll's ...
Registered in 0.006768 seconds.
Begin MonoManager ReloadAssembly
Native extension for WindowsStandalone target not found
Refreshing native plugins compatible for Editor in 0.63 ms, found 3 plugins.
Preloading 0 native plugins for Editor in 0.00 ms.
Mono: successfully reloaded assembly
- Completed reload, in  0.963 seconds
Platform modules already initialized, skipping
Refreshing native plugins compatible for Editor in 0.74 ms, found 3 plugins.
Preloading 0 native plugins for Editor in 0.00 ms.
Unloading 3033 Unused Serialized files (Serialized files now loaded: 0)
System memory in use before: 114.4 MB.
System memory in use after: 114.6 MB.

Unloading 18 unused Assets to reduce memory usage. Loaded Objects now: 3518.
Total: 2.594400 ms (FindLiveObjects: 0.349300 ms CreateObjectMapping: 0.123300 ms MarkObjects: 2.103100 ms  DeleteObjects: 0.017400 ms)

========================================================================
Received Import Request.
  Time since last request: 277.581000 seconds.
  path: Assets/Prefabs/Asteroid.prefab
  artifactKey: Guid(0de135771e6b425408fce973f7ca4534) Importer(815301076,1909f56bfc062723c751e8b465ee728b)
Start importing Assets/Prefabs/Asteroid.prefab using Guid(0de135771e6b425408fce973f7ca4534) Importer(815301076,1909f56bfc062723c751e8b465ee728b)  -> (artifact id: '03b92a7451d4faa14956327a13155bc3') in 0.249333 seconds
  Import took 0.278017 seconds .

========================================================================
Received Import Request.
  Time since last request: 5.479448 seconds.
  path: Assets/Prefabs/Explosion.prefab
  artifactKey: Guid(ce6a0611c53c2c8499252caf651d6823) Importer(815301076,1909f56bfc062723c751e8b465ee728b)
Start importing Assets/Prefabs/Explosion.prefab using Guid(ce6a0611c53c2c8499252caf651d6823) Importer(815301076,1909f56bfc062723c751e8b465ee728b)  -> (artifact id: 'ad5e7dc43aa6cbf4eb12a10ccf255fcc') in 0.103495 seconds
  Import took 0.108326 seconds .

========================================================================
Received Prepare
Registering precompiled user dll's ...
Registered in 0.004481 seconds.
Begin MonoManager ReloadAssembly
Native extension for WindowsStandalone target not found
Refreshing native plugins compatible for Editor in 0.61 ms, found 3 plugins.
Preloading 0 native plugins for Editor in 0.00 ms.
Mono: successfully reloaded assembly
- Completed reload, in  1.003 seconds
Platform modules already initialized, skipping
Refreshing native plugins compatible for Editor in 1.05 ms, found 3 plugins.
Preloading 0 native plugins for Editor in 0.00 ms.
Unloading 3033 Unused Serialized files (Serialized files now loaded: 0)
System memory in use before: 114.4 MB.
System memory in use after: 114.6 MB.

Unloading 18 unused Assets to reduce memory usage. Loaded Objects now: 3522.
Total: 2.284700 ms (FindLiveObjects: 0.286100 ms CreateObjectMapping: 0.124100 ms MarkObjects: 1.856000 ms  DeleteObjects: 0.017700 ms)

========================================================================
Received Import Request.
  Time since last request: 325.153168 seconds.
  path: Assets/Sprites/Explosion/Explosion_00000.png
  artifactKey: Guid(1d67ba02a3ae743ed81501156742929f) Importer(815301076,1909f56bfc062723c751e8b465ee728b)
Start importing Assets/Sprites/Explosion/Explosion_00000.png using Guid(1d67ba02a3ae743ed81501156742929f) Importer(815301076,1909f56bfc062723c751e8b465ee728b)  -> (artifact id: 'ad614be62f0324306f9e9154ce833049') in 0.185667 seconds
  Import took 0.190342 seconds .

========================================================================
Received Import Request.
  Time since last request: 0.000379 seconds.
  path: Assets/Sprites/Explosion/Explosion_00008.png
  artifactKey: Guid(3f731ce2300ab4785a1be2c1a4251054) Importer(815301076,1909f56bfc062723c751e8b465ee728b)
Start importing Assets/Sprites/Explosion/Explosion_00008.png using Guid(3f731ce2300ab4785a1be2c1a4251054) Importer(815301076,1909f56bfc062723c751e8b465ee728b)  -> (artifact id: 'e7f99ae5ef905b05cbb18c2ae3f1b1ee') in 0.172647 seconds
  Import took 0.199743 seconds .

========================================================================
Received Import Request.
  Time since last request: 0.000369 seconds.
  path: Assets/Sprites/Explosion/Explosion_00005.png
  artifactKey: Guid(f725332a62c60433ea73daa985ae5448) Importer(815301076,1909f56bfc062723c751e8b465ee728b)
Start importing Assets/Sprites/Explosion/Explosion_00005.png using Guid(f725332a62c60433ea73daa985ae5448) Importer(815301076,1909f56bfc062723c751e8b465ee728b)  -> (artifact id: '55c34b4d2279d2ffa774b735da304f5c') in 0.035069 seconds
  Import took 0.039688 seconds .

========================================================================
Received Import Request.
  Time since last request: 0.000362 seconds.
  path: Assets/Sprites/Explosion/Explosion_00001.png
  artifactKey: Guid(7ad7bebb4d0144f5787ea12207572d55) Importer(815301076,1909f56bfc062723c751e8b465ee728b)
Start importing Assets/Sprites/Explosion/Explosion_00001.png using Guid(7ad7bebb4d0144f5787ea12207572d55) Importer(815301076,1909f56bfc062723c751e8b465ee728b)  -> (artifact id: '5460f3038573c34085c404812ab9b1f5') in 0.157293 seconds
  Import took 0.182917 seconds .

========================================================================
Received Import Request.
  Time since last request: 0.000353 seconds.
  path: Assets/Sprites/Explosion/Explosion_00004.png
  artifactKey: Guid(3a4a702ebbcd8420192b42dca73ca87d) Importer(815301076,1909f56bfc062723c751e8b465ee728b)
Start importing Assets/Sprites/Explosion/Explosion_00004.png using Guid(3a4a702ebbcd8420192b42dca73ca87d) Importer(815301076,1909f56bfc062723c751e8b465ee728b)  -> (artifact id: 'c566d3e591067ef545f31aa78928ac31') in 0.133848 seconds
  Import took 0.171286 seconds .

========================================================================
Received Import Request.
  Time since last request: 0.000418 seconds.
  path: Assets/Sprites/Explosion/Explosion_00006.png
  artifactKey: Guid(d89c5abd9258140a3ac8d6f4a5f79ad6) Importer(815301076,1909f56bfc062723c751e8b465ee728b)
Start importing Assets/Sprites/Explosion/Explosion_00006.png using Guid(d89c5abd9258140a3ac8d6f4a5f79ad6) Importer(815301076,1909f56bfc062723c751e8b465ee728b)  -> (artifact id: 'b17190ac43d586a5a6292859e23d7459') in 0.139108 seconds
  Import took 0.186777 seconds .

========================================================================
Received Import Request.
  Time since last request: 0.000425 seconds.
  path: Assets/Sprites/Explosion/Explosion_00002.png
  artifactKey: Guid(78971ab2e8fdc493a89653a7f0cc5b0b) Importer(815301076,1909f56bfc062723c751e8b465ee728b)
Start importing Assets/Sprites/Explosion/Explosion_00002.png using Guid(78971ab2e8fdc493a89653a7f0cc5b0b) Importer(815301076,1909f56bfc062723c751e8b465ee728b)  -> (artifact id: '38eeeef9cd6e989f1fee9dee2d1b2324') in 0.126792 seconds
  Import took 0.171610 seconds .

========================================================================
Received Import Request.
  Time since last request: 0.000402 seconds.
  path: Assets/Sprites/Explosion/Explosion_00007.png
  artifactKey: Guid(3c7b96fb5e28645ff84feb04f135489a) Importer(815301076,1909f56bfc062723c751e8b465ee728b)
Start importing Assets/Sprites/Explosion/Explosion_00007.png using Guid(3c7b96fb5e28645ff84feb04f135489a) Importer(815301076,1909f56bfc062723c751e8b465ee728b)  -> (artifact id: '340498aa38ae5a5737091aea59cdd04f') in 0.110258 seconds
  Import took 0.141880 seconds .

========================================================================
Received Import Request.
  Time since last request: 0.000447 seconds.
  path: Assets/Sprites/Explosion/Explosion_00003.png
  artifactKey: Guid(daf5661546aee426997534d69e803087) Importer(815301076,1909f56bfc062723c751e8b465ee728b)
Start importing Assets/Sprites/Explosion/Explosion_00003.png using Guid(daf5661546aee426997534d69e803087) Importer(815301076,1909f56bfc062723c751e8b465ee728b)  -> (artifact id: '10e6c95ecda5ae6ccbd5e70c0e426a61') in 0.093229 seconds
  Import took 0.157862 seconds .

========================================================================
Received Prepare
Registering precompiled user dll's ...
Registered in 0.004363 seconds.
Begin MonoManager ReloadAssembly
Native extension for WindowsStandalone target not found
Refreshing native plugins compatible for Editor in 0.70 ms, found 3 plugins.
Preloading 0 native plugins for Editor in 0.00 ms.
Mono: successfully reloaded assembly
- Completed reload, in  1.069 seconds
Platform modules already initialized, skipping
Refreshing native plugins compatible for Editor in 0.65 ms, found 3 plugins.
Preloading 0 native plugins for Editor in 0.00 ms.
Unloading 3033 Unused Serialized files (Serialized files now loaded: 0)
System memory in use before: 114.4 MB.
System memory in use after: 114.7 MB.

Unloading 18 unused Assets to reduce memory usage. Loaded Objects now: 3528.
Total: 3.706100 ms (FindLiveObjects: 0.884600 ms CreateObjectMapping: 0.276900 ms MarkObjects: 2.522300 ms  DeleteObjects: 0.021200 ms)

========================================================================
Received Prepare
Registering precompiled user dll's ...
Registered in 0.238862 seconds.
Begin MonoManager ReloadAssembly
Native extension for WindowsStandalone target not found
Refreshing native plugins compatible for Editor in 0.89 ms, found 3 plugins.
Preloading 0 native plugins for Editor in 0.00 ms.
Mono: successfully reloaded assembly
- Completed reload, in  1.005 seconds
Platform modules already initialized, skipping
Refreshing native plugins compatible for Editor in 0.60 ms, found 3 plugins.
Preloading 0 native plugins for Editor in 0.00 ms.
Unloading 3033 Unused Serialized files (Serialized files now loaded: 0)
System memory in use before: 114.5 MB.
System memory in use after: 114.7 MB.

Unloading 18 unused Assets to reduce memory usage. Loaded Objects now: 3531.
Total: 2.178700 ms (FindLiveObjects: 0.286800 ms CreateObjectMapping: 0.111100 ms MarkObjects: 1.762800 ms  DeleteObjects: 0.017100 ms)

========================================================================
Received Import Request.
  Time since last request: 1327.262002 seconds.
  path: Assets/Prefabs/Enemy/Enemy.prefab
  artifactKey: Guid(84bc7c5fcc61e5749945296e84a22674) Importer(815301076,1909f56bfc062723c751e8b465ee728b)
Start importing Assets/Prefabs/Enemy/Enemy.prefab using Guid(84bc7c5fcc61e5749945296e84a22674) Importer(815301076,1909f56bfc062723c751e8b465ee728b)  -> (artifact id: '029c779b1f5cbb32792f0b8cb67ff987') in 0.238842 seconds
  Import took 0.262707 seconds .

========================================================================
Received Prepare
Registering precompiled user dll's ...
Registered in 0.004571 seconds.
Begin MonoManager ReloadAssembly
Native extension for WindowsStandalone target not found
Refreshing native plugins compatible for Editor in 0.65 ms, found 3 plugins.
Preloading 0 native plugins for Editor in 0.00 ms.
Mono: successfully reloaded assembly
- Completed reload, in  1.017 seconds
Platform modules already initialized, skipping
Refreshing native plugins compatible for Editor in 0.67 ms, found 3 plugins.
Preloading 0 native plugins for Editor in 0.00 ms.
Unloading 3033 Unused Serialized files (Serialized files now loaded: 0)
System memory in use before: 114.5 MB.
System memory in use after: 114.7 MB.

Unloading 18 unused Assets to reduce memory usage. Loaded Objects now: 3535.
Total: 2.315600 ms (FindLiveObjects: 0.270600 ms CreateObjectMapping: 0.144300 ms MarkObjects: 1.881800 ms  DeleteObjects: 0.017900 ms)

========================================================================
Received Prepare
Registering precompiled user dll's ...
Registered in 0.271014 seconds.
Begin MonoManager ReloadAssembly
Native extension for WindowsStandalone target not found
Refreshing native plugins compatible for Editor in 0.94 ms, found 3 plugins.
Preloading 0 native plugins for Editor in 0.00 ms.
Mono: successfully reloaded assembly
- Completed reload, in  1.143 seconds
Platform modules already initialized, skipping
Refreshing native plugins compatible for Editor in 0.78 ms, found 3 plugins.
Preloading 0 native plugins for Editor in 0.00 ms.
Unloading 3033 Unused Serialized files (Serialized files now loaded: 0)
System memory in use before: 114.5 MB.
System memory in use after: 114.7 MB.

Unloading 18 unused Assets to reduce memory usage. Loaded Objects now: 3538.
Total: 2.224200 ms (FindLiveObjects: 0.285300 ms CreateObjectMapping: 0.122600 ms MarkObjects: 1.797500 ms  DeleteObjects: 0.017800 ms)

========================================================================
Received Import Request.
  Time since last request: 1023.436670 seconds.
  path: Assets/Prefabs/Explosion.prefab
  artifactKey: Guid(ce6a0611c53c2c8499252caf651d6823) Importer(815301076,1909f56bfc062723c751e8b465ee728b)
Start importing Assets/Prefabs/Explosion.prefab using Guid(ce6a0611c53c2c8499252caf651d6823) Importer(815301076,1909f56bfc062723c751e8b465ee728b)  -> (artifact id: 'f02dbe7048d037b84f77be6860c5f9ee') in 0.148743 seconds
  Import took 0.177875 seconds .

========================================================================
Received Prepare
Registering precompiled user dll's ...
Registered in 0.006391 seconds.
Begin MonoManager ReloadAssembly
Native extension for WindowsStandalone target not found
Refreshing native plugins compatible for Editor in 0.68 ms, found 3 plugins.
Preloading 0 native plugins for Editor in 0.00 ms.
Mono: successfully reloaded assembly
- Completed reload, in  1.293 seconds
Platform modules already initialized, skipping
Refreshing native plugins compatible for Editor in 0.67 ms, found 3 plugins.
Preloading 0 native plugins for Editor in 0.00 ms.
Unloading 3033 Unused Serialized files (Serialized files now loaded: 0)
System memory in use before: 114.5 MB.
System memory in use after: 114.7 MB.

Unloading 18 unused Assets to reduce memory usage. Loaded Objects now: 3542.
Total: 2.726500 ms (FindLiveObjects: 0.322500 ms CreateObjectMapping: 0.118100 ms MarkObjects: 2.231700 ms  DeleteObjects: 0.053300 ms)

========================================================================
Received Prepare
Registering precompiled user dll's ...
Registered in 0.005287 seconds.
Begin MonoManager ReloadAssembly
Native extension for WindowsStandalone target not found
Refreshing native plugins compatible for Editor in 0.84 ms, found 3 plugins.
Preloading 0 native plugins for Editor in 0.00 ms.
Mono: successfully reloaded assembly
- Completed reload, in  1.237 seconds
Platform modules already initialized, skipping
Refreshing native plugins compatible for Editor in 0.72 ms, found 3 plugins.
Preloading 0 native plugins for Editor in 0.00 ms.
Unloading 3033 Unused Serialized files (Serialized files now loaded: 0)
System memory in use before: 114.5 MB.
System memory in use after: 114.7 MB.

Unloading 18 unused Assets to reduce memory usage. Loaded Objects now: 3545.
Total: 2.468800 ms (FindLiveObjects: 0.295300 ms CreateObjectMapping: 0.126000 ms MarkObjects: 2.028900 ms  DeleteObjects: 0.017400 ms)

========================================================================
Received Prepare
Registering precompiled user dll's ...
Registered in 0.007592 seconds.
Begin MonoManager ReloadAssembly
Native extension for WindowsStandalone target not found
Refreshing native plugins compatible for Editor in 0.78 ms, found 3 plugins.
Preloading 0 native plugins for Editor in 0.00 ms.
Mono: successfully reloaded assembly
- Completed reload, in  1.261 seconds
Platform modules already initialized, skipping
Refreshing native plugins compatible for Editor in 1.69 ms, found 3 plugins.
Preloading 0 native plugins for Editor in 0.00 ms.
Unloading 3033 Unused Serialized files (Serialized files now loaded: 0)
System memory in use before: 114.5 MB.
System memory in use after: 114.7 MB.

Unloading 18 unused Assets to reduce memory usage. Loaded Objects now: 3548.
Total: 3.809200 ms (FindLiveObjects: 0.387500 ms CreateObjectMapping: 0.181400 ms MarkObjects: 3.193000 ms  DeleteObjects: 0.046200 ms)

========================================================================
Received Prepare
Registering precompiled user dll's ...
Registered in 0.008395 seconds.
Begin MonoManager ReloadAssembly
Native extension for WindowsStandalone target not found
Refreshing native plugins compatible for Editor in 0.72 ms, found 3 plugins.
Preloading 0 native plugins for Editor in 0.00 ms.
Mono: successfully reloaded assembly
- Completed reload, in  1.247 seconds
Platform modules already initialized, skipping
Refreshing native plugins compatible for Editor in 1.32 ms, found 3 plugins.
Preloading 0 native plugins for Editor in 0.00 ms.
Unloading 3033 Unused Serialized files (Serialized files now loaded: 0)
System memory in use before: 114.5 MB.
System memory in use after: 114.7 MB.

Unloading 18 unused Assets to reduce memory usage. Loaded Objects now: 3551.
Total: 3.449600 ms (FindLiveObjects: 0.348000 ms CreateObjectMapping: 0.254700 ms MarkObjects: 2.797800 ms  DeleteObjects: 0.048100 ms)

========================================================================
Received Prepare
Registering precompiled user dll's ...
Registered in 0.005873 seconds.
Begin MonoManager ReloadAssembly
Native extension for WindowsStandalone target not found
Refreshing native plugins compatible for Editor in 0.91 ms, found 3 plugins.
Preloading 0 native plugins for Editor in 0.00 ms.
Mono: successfully reloaded assembly
- Completed reload, in  1.250 seconds
Platform modules already initialized, skipping
Refreshing native plugins compatible for Editor in 0.74 ms, found 3 plugins.
Preloading 0 native plugins for Editor in 0.00 ms.
Unloading 3033 Unused Serialized files (Serialized files now loaded: 0)
System memory in use before: 114.5 MB.
System memory in use after: 114.7 MB.

Unloading 18 unused Assets to reduce memory usage. Loaded Objects now: 3554.
Total: 2.569000 ms (FindLiveObjects: 0.289900 ms CreateObjectMapping: 0.103100 ms MarkObjects: 2.130400 ms  DeleteObjects: 0.044700 ms)

========================================================================
Received Prepare
Registering precompiled user dll's ...
Registered in 0.006242 seconds.
Begin MonoManager ReloadAssembly
Native extension for WindowsStandalone target not found
Refreshing native plugins compatible for Editor in 0.71 ms, found 3 plugins.
Preloading 0 native plugins for Editor in 0.00 ms.
Mono: successfully reloaded assembly
- Completed reload, in  1.317 seconds
Platform modules already initialized, skipping
Refreshing native plugins compatible for Editor in 0.74 ms, found 3 plugins.
Preloading 0 native plugins for Editor in 0.00 ms.
Unloading 3033 Unused Serialized files (Serialized files now loaded: 0)
System memory in use before: 114.5 MB.
System memory in use after: 114.7 MB.

Unloading 18 unused Assets to reduce memory usage. Loaded Objects now: 3557.
Total: 4.505200 ms (FindLiveObjects: 0.381900 ms CreateObjectMapping: 1.243900 ms MarkObjects: 2.838800 ms  DeleteObjects: 0.039300 ms)

========================================================================
Received Prepare
Registering precompiled user dll's ...
Registered in 0.006023 seconds.
Begin MonoManager ReloadAssembly
Native extension for WindowsStandalone target not found
Refreshing native plugins compatible for Editor in 0.68 ms, found 3 plugins.
Preloading 0 native plugins for Editor in 0.00 ms.
Mono: successfully reloaded assembly
- Completed reload, in  1.293 seconds
Platform modules already initialized, skipping
Refreshing native plugins compatible for Editor in 0.66 ms, found 3 plugins.
Preloading 0 native plugins for Editor in 0.00 ms.
Unloading 3033 Unused Serialized files (Serialized files now loaded: 0)
System memory in use before: 114.5 MB.
System memory in use after: 114.8 MB.

Unloading 18 unused Assets to reduce memory usage. Loaded Objects now: 3560.
Total: 3.559900 ms (FindLiveObjects: 0.303400 ms CreateObjectMapping: 0.180200 ms MarkObjects: 3.047600 ms  DeleteObjects: 0.027700 ms)

========================================================================
Received Prepare
Registering precompiled user dll's ...
Registered in 0.005145 seconds.
Begin MonoManager ReloadAssembly
Native extension for WindowsStandalone target not found
Refreshing native plugins compatible for Editor in 0.71 ms, found 3 plugins.
Preloading 0 native plugins for Editor in 0.00 ms.
Mono: successfully reloaded assembly
- Completed reload, in  1.256 seconds
Platform modules already initialized, skipping
Refreshing native plugins compatible for Editor in 0.65 ms, found 3 plugins.
Preloading 0 native plugins for Editor in 0.00 ms.
Unloading 3033 Unused Serialized files (Serialized files now loaded: 0)
System memory in use before: 114.5 MB.
System memory in use after: 114.8 MB.

Unloading 18 unused Assets to reduce memory usage. Loaded Objects now: 3563.
Total: 3.607300 ms (FindLiveObjects: 0.682800 ms CreateObjectMapping: 0.276900 ms MarkObjects: 2.618500 ms  DeleteObjects: 0.028000 ms)

========================================================================
Received Prepare
Registering precompiled user dll's ...
Registered in 0.007225 seconds.
Begin MonoManager ReloadAssembly
Native extension for WindowsStandalone target not found
Refreshing native plugins compatible for Editor in 0.94 ms, found 3 plugins.
Preloading 0 native plugins for Editor in 0.00 ms.
Mono: successfully reloaded assembly
- Completed reload, in  1.320 seconds
Platform modules already initialized, skipping
Refreshing native plugins compatible for Editor in 1.04 ms, found 3 plugins.
Preloading 0 native plugins for Editor in 0.00 ms.
Unloading 3033 Unused Serialized files (Serialized files now loaded: 0)
System memory in use before: 114.5 MB.
System memory in use after: 114.8 MB.

Unloading 18 unused Assets to reduce memory usage. Loaded Objects now: 3566.
Total: 4.473600 ms (FindLiveObjects: 0.522000 ms CreateObjectMapping: 0.209400 ms MarkObjects: 3.679500 ms  DeleteObjects: 0.061400 ms)

========================================================================
Received Prepare
Registering precompiled user dll's ...
Registered in 0.005657 seconds.
Begin MonoManager ReloadAssembly
Native extension for WindowsStandalone target not found
Refreshing native plugins compatible for Editor in 0.93 ms, found 3 plugins.
Preloading 0 native plugins for Editor in 0.00 ms.
Mono: successfully reloaded assembly
- Completed reload, in  1.207 seconds
Platform modules already initialized, skipping
Refreshing native plugins compatible for Editor in 0.72 ms, found 3 plugins.
Preloading 0 native plugins for Editor in 0.00 ms.
Unloading 3033 Unused Serialized files (Serialized files now loaded: 0)
System memory in use before: 114.5 MB.
System memory in use after: 114.8 MB.

Unloading 18 unused Assets to reduce memory usage. Loaded Objects now: 3569.
Total: 2.430800 ms (FindLiveObjects: 0.295600 ms CreateObjectMapping: 0.129300 ms MarkObjects: 1.987500 ms  DeleteObjects: 0.017500 ms)

========================================================================
Received Prepare
Registering precompiled user dll's ...
Registered in 0.004972 seconds.
Begin MonoManager ReloadAssembly
Native extension for WindowsStandalone target not found
Refreshing native plugins compatible for Editor in 0.81 ms, found 3 plugins.
Preloading 0 native plugins for Editor in 0.00 ms.
Mono: successfully reloaded assembly
- Completed reload, in  1.266 seconds
Platform modules already initialized, skipping
Refreshing native plugins compatible for Editor in 1.39 ms, found 3 plugins.
Preloading 0 native plugins for Editor in 0.00 ms.
Unloading 3033 Unused Serialized files (Serialized files now loaded: 0)
System memory in use before: 114.5 MB.
System memory in use after: 114.8 MB.

Unloading 18 unused Assets to reduce memory usage. Loaded Objects now: 3572.
Total: 3.816900 ms (FindLiveObjects: 0.685400 ms CreateObjectMapping: 0.319400 ms MarkObjects: 2.787200 ms  DeleteObjects: 0.023800 ms)

========================================================================
Received Prepare
Registering precompiled user dll's ...
Registered in 0.005016 seconds.
Begin MonoManager ReloadAssembly
Native extension for WindowsStandalone target not found
Refreshing native plugins compatible for Editor in 0.72 ms, found 3 plugins.
Preloading 0 native plugins for Editor in 0.00 ms.
Mono: successfully reloaded assembly
- Completed reload, in  1.127 seconds
Platform modules already initialized, skipping
Refreshing native plugins compatible for Editor in 1.14 ms, found 3 plugins.
Preloading 0 native plugins for Editor in 0.00 ms.
Unloading 3033 Unused Serialized files (Serialized files now loaded: 0)
System memory in use before: 114.6 MB.
System memory in use after: 114.8 MB.

Unloading 18 unused Assets to reduce memory usage. Loaded Objects now: 3575.
Total: 2.561400 ms (FindLiveObjects: 0.294400 ms CreateObjectMapping: 0.127200 ms MarkObjects: 2.121500 ms  DeleteObjects: 0.017300 ms)

========================================================================
Received Prepare
Registering precompiled user dll's ...
Registered in 0.005436 seconds.
Begin MonoManager ReloadAssembly
Native extension for WindowsStandalone target not found
Refreshing native plugins compatible for Editor in 0.79 ms, found 3 plugins.
Preloading 0 native plugins for Editor in 0.00 ms.
Mono: successfully reloaded assembly
- Completed reload, in  1.264 seconds
Platform modules already initialized, skipping
Refreshing native plugins compatible for Editor in 1.50 ms, found 3 plugins.
Preloading 0 native plugins for Editor in 0.00 ms.
Unloading 3033 Unused Serialized files (Serialized files now loaded: 0)
System memory in use before: 114.6 MB.
System memory in use after: 114.8 MB.

Unloading 18 unused Assets to reduce memory usage. Loaded Objects now: 3578.
Total: 3.491700 ms (FindLiveObjects: 0.420200 ms CreateObjectMapping: 0.192300 ms MarkObjects: 2.851300 ms  DeleteObjects: 0.026500 ms)

========================================================================
Received Import Request.
  Time since last request: 1730.481415 seconds.
  path: Assets/Prefabs/PowerUps/ShieldPowerUp.prefab
  artifactKey: Guid(239c41242c227a547ab500b7fa55a8f7) Importer(815301076,1909f56bfc062723c751e8b465ee728b)
Start importing Assets/Prefabs/PowerUps/ShieldPowerUp.prefab using Guid(239c41242c227a547ab500b7fa55a8f7) Importer(815301076,1909f56bfc062723c751e8b465ee728b)  -> (artifact id: 'c1d1a7d31da59d8f541c53dcb38eb2bb') in 0.115617 seconds
  Import took 0.121949 seconds .

========================================================================
Received Import Request.
  Time since last request: 0.000722 seconds.
  path: Assets/Prefabs/PowerUps/SpeedPowerUp.prefab
  artifactKey: Guid(9f5769e08b274084abc7fc4a221708f7) Importer(815301076,1909f56bfc062723c751e8b465ee728b)
Start importing Assets/Prefabs/PowerUps/SpeedPowerUp.prefab using Guid(9f5769e08b274084abc7fc4a221708f7) Importer(815301076,1909f56bfc062723c751e8b465ee728b)  -> (artifact id: '6bd595a22c6084af8e1fbb2c8351973e') in 0.064788 seconds
  Import took 0.115911 seconds .

========================================================================
Received Import Request.
  Time since last request: 0.000437 seconds.
  path: Assets/Prefabs/PowerUps/TripleShotPowerUp.prefab
  artifactKey: Guid(0b12b46d832895048b14887574dd9c70) Importer(815301076,1909f56bfc062723c751e8b465ee728b)
Start importing Assets/Prefabs/PowerUps/TripleShotPowerUp.prefab using Guid(0b12b46d832895048b14887574dd9c70) Importer(815301076,1909f56bfc062723c751e8b465ee728b)  -> (artifact id: '2844dfcaae42c78fa72d6b068f48204d') in 0.077042 seconds
  Import took 0.104215 seconds .

========================================================================
Received Prepare
Registering precompiled user dll's ...
Registered in 0.006505 seconds.
Begin MonoManager ReloadAssembly
Native extension for WindowsStandalone target not found
Refreshing native plugins compatible for Editor in 1.05 ms, found 3 plugins.
Preloading 0 native plugins for Editor in 0.00 ms.
Mono: successfully reloaded assembly
- Completed reload, in  1.285 seconds
Platform modules already initialized, skipping
Refreshing native plugins compatible for Editor in 0.81 ms, found 3 plugins.
Preloading 0 native plugins for Editor in 0.00 ms.
Unloading 3033 Unused Serialized files (Serialized files now loaded: 0)
System memory in use before: 114.6 MB.
System memory in use after: 114.8 MB.

Unloading 18 unused Assets to reduce memory usage. Loaded Objects now: 3582.
Total: 3.635300 ms (FindLiveObjects: 0.468700 ms CreateObjectMapping: 0.207400 ms MarkObjects: 2.936000 ms  DeleteObjects: 0.022200 ms)

========================================================================
Received Prepare
Registering precompiled user dll's ...
Registered in 0.005993 seconds.
Begin MonoManager ReloadAssembly
Native extension for WindowsStandalone target not found
Refreshing native plugins compatible for Editor in 0.87 ms, found 3 plugins.
Preloading 0 native plugins for Editor in 0.00 ms.
Mono: successfully reloaded assembly
- Completed reload, in  1.237 seconds
Platform modules already initialized, skipping
Refreshing native plugins compatible for Editor in 1.02 ms, found 3 plugins.
Preloading 0 native plugins for Editor in 0.00 ms.
Unloading 3033 Unused Serialized files (Serialized files now loaded: 0)
System memory in use before: 114.6 MB.
System memory in use after: 114.8 MB.

Unloading 18 unused Assets to reduce memory usage. Loaded Objects now: 3585.
Total: 3.947800 ms (FindLiveObjects: 0.296000 ms CreateObjectMapping: 0.110900 ms MarkObjects: 3.511400 ms  DeleteObjects: 0.028800 ms)

========================================================================
Received Prepare
Registering precompiled user dll's ...
Registered in 0.006921 seconds.
Begin MonoManager ReloadAssembly
Native extension for WindowsStandalone target not found
Refreshing native plugins compatible for Editor in 0.66 ms, found 3 plugins.
Preloading 0 native plugins for Editor in 0.00 ms.
Mono: successfully reloaded assembly
- Completed reload, in  1.260 seconds
Platform modules already initialized, skipping
Refreshing native plugins compatible for Editor in 0.69 ms, found 3 plugins.
Preloading 0 native plugins for Editor in 0.00 ms.
Unloading 3033 Unused Serialized files (Serialized files now loaded: 0)
System memory in use before: 114.6 MB.
System memory in use after: 114.8 MB.

Unloading 18 unused Assets to reduce memory usage. Loaded Objects now: 3588.
Total: 4.604300 ms (FindLiveObjects: 0.425100 ms CreateObjectMapping: 0.128800 ms MarkObjects: 3.990800 ms  DeleteObjects: 0.058300 ms)

========================================================================
Received Import Request.
  Time since last request: 668.255230 seconds.
  path: Assets/Prefabs/Enemy/Enemy.prefab
  artifactKey: Guid(84bc7c5fcc61e5749945296e84a22674) Importer(815301076,1909f56bfc062723c751e8b465ee728b)
Start importing Assets/Prefabs/Enemy/Enemy.prefab using Guid(84bc7c5fcc61e5749945296e84a22674) Importer(815301076,1909f56bfc062723c751e8b465ee728b)  -> (artifact id: '91e72675e825ce90058ca0a80bc80365') in 0.233774 seconds
  Import took 0.259478 seconds .

========================================================================
Received Import Request.
  Time since last request: 0.918259 seconds.
  path: Assets/Prefabs/PowerUps/ShieldPowerUp.prefab
  artifactKey: Guid(239c41242c227a547ab500b7fa55a8f7) Importer(815301076,1909f56bfc062723c751e8b465ee728b)
Start importing Assets/Prefabs/PowerUps/ShieldPowerUp.prefab using Guid(239c41242c227a547ab500b7fa55a8f7) Importer(815301076,1909f56bfc062723c751e8b465ee728b)  -> (artifact id: '1e6d2b06a40df4a2d9ff613a9e05c279') in 0.012268 seconds
  Import took 0.296312 seconds .

========================================================================
Received Import Request.
  Time since last request: 0.000730 seconds.
  path: Assets/Prefabs/PowerUps/SpeedPowerUp.prefab
  artifactKey: Guid(9f5769e08b274084abc7fc4a221708f7) Importer(815301076,1909f56bfc062723c751e8b465ee728b)
Start importing Assets/Prefabs/PowerUps/SpeedPowerUp.prefab using Guid(9f5769e08b274084abc7fc4a221708f7) Importer(815301076,1909f56bfc062723c751e8b465ee728b)  -> (artifact id: 'd111d9ab3cdc8855545310bf87360e28') in 0.016927 seconds
  Import took 0.063409 seconds .

========================================================================
Received Import Request.
  Time since last request: 0.000507 seconds.
  path: Assets/Prefabs/PowerUps/TripleShotPowerUp.prefab
  artifactKey: Guid(0b12b46d832895048b14887574dd9c70) Importer(815301076,1909f56bfc062723c751e8b465ee728b)
Start importing Assets/Prefabs/PowerUps/TripleShotPowerUp.prefab using Guid(0b12b46d832895048b14887574dd9c70) Importer(815301076,1909f56bfc062723c751e8b465ee728b)  -> (artifact id: 'a2ee97d1d92c50ef2e665134fe55eaad') in 0.012083 seconds
  Import took 0.040549 seconds .

========================================================================
Received Import Request.
  Time since last request: 10.898157 seconds.
  path: Assets/Prefabs/PowerUps/TripleShotPowerUp.prefab
  artifactKey: Guid(0b12b46d832895048b14887574dd9c70) Importer(815301076,1909f56bfc062723c751e8b465ee728b)
Start importing Assets/Prefabs/PowerUps/TripleShotPowerUp.prefab using Guid(0b12b46d832895048b14887574dd9c70) Importer(815301076,1909f56bfc062723c751e8b465ee728b)  -> (artifact id: '91cc8dd5ae3bf1f212c340916dfa11f5') in 0.013954 seconds
  Import took 0.020574 seconds .

========================================================================
Received Import Request.
  Time since last request: 0.000594 seconds.
  path: ProjectSettings/TagManager.asset
  artifactKey: Guid(00000000000000003000000000000000) Importer(815301076,1909f56bfc062723c751e8b465ee728b)
Start importing ProjectSettings/TagManager.asset using Guid(00000000000000003000000000000000) Importer(815301076,1909f56bfc062723c751e8b465ee728b)  -> (artifact id: '862d6a3d95c6f54212859785dde5f287') in 0.009039 seconds
  Import took 0.048599 seconds .

========================================================================
Received Import Request.
  Time since last request: 12.343345 seconds.
  path: Assets/Prefabs/PowerUps/ShieldPowerUp.prefab
  artifactKey: Guid(239c41242c227a547ab500b7fa55a8f7) Importer(815301076,1909f56bfc062723c751e8b465ee728b)
Start importing Assets/Prefabs/PowerUps/ShieldPowerUp.prefab using Guid(239c41242c227a547ab500b7fa55a8f7) Importer(815301076,1909f56bfc062723c751e8b465ee728b)  -> (artifact id: 'f19fae9c741f485e7ee81e475ca1e4cf') in 0.012725 seconds
  Import took 0.019860 seconds .

========================================================================
Received Import Request.
  Time since last request: 2.492309 seconds.
  path: Assets/Prefabs/PowerUps/SpeedPowerUp.prefab
  artifactKey: Guid(9f5769e08b274084abc7fc4a221708f7) Importer(815301076,1909f56bfc062723c751e8b465ee728b)
Start importing Assets/Prefabs/PowerUps/SpeedPowerUp.prefab using Guid(9f5769e08b274084abc7fc4a221708f7) Importer(815301076,1909f56bfc062723c751e8b465ee728b)  -> (artifact id: '6cdf285a6d1cc05775e01d6963714631') in 0.014487 seconds
  Import took 0.043008 seconds .

========================================================================
Received Import Request.
  Time since last request: 2.580232 seconds.
  path: Assets/Prefabs/PowerUps/TripleShotPowerUp.prefab
  artifactKey: Guid(0b12b46d832895048b14887574dd9c70) Importer(815301076,1909f56bfc062723c751e8b465ee728b)
Start importing Assets/Prefabs/PowerUps/TripleShotPowerUp.prefab using Guid(0b12b46d832895048b14887574dd9c70) Importer(815301076,1909f56bfc062723c751e8b465ee728b)  -> (artifact id: '6759590565c9dff73addfe7271b9e0d0') in 0.012947 seconds
  Import took 0.072450 seconds .

========================================================================
Received Prepare
Registering precompiled user dll's ...
Registered in 0.009364 seconds.
Begin MonoManager ReloadAssembly
Native extension for WindowsStandalone target not found
Refreshing native plugins compatible for Editor in 0.69 ms, found 3 plugins.
Preloading 0 native plugins for Editor in 0.00 ms.
Mono: successfully reloaded assembly
- Completed reload, in  1.345 seconds
Platform modules already initialized, skipping
Refreshing native plugins compatible for Editor in 1.06 ms, found 3 plugins.
Preloading 0 native plugins for Editor in 0.00 ms.
Unloading 3033 Unused Serialized files (Serialized files now loaded: 0)
System memory in use before: 114.6 MB.
System memory in use after: 114.9 MB.

Unloading 19 unused Assets to reduce memory usage. Loaded Objects now: 3592.
Total: 2.787600 ms (FindLiveObjects: 0.542100 ms CreateObjectMapping: 0.208800 ms MarkObjects: 2.011500 ms  DeleteObjects: 0.024000 ms)

========================================================================
Received Prepare
Registering precompiled user dll's ...
Registered in 0.004919 seconds.
Begin MonoManager ReloadAssembly
Native extension for WindowsStandalone target not found
Refreshing native plugins compatible for Editor in 0.67 ms, found 3 plugins.
Preloading 0 native plugins for Editor in 0.00 ms.
Mono: successfully reloaded assembly
- Completed reload, in  1.092 seconds
Platform modules already initialized, skipping
Refreshing native plugins compatible for Editor in 0.76 ms, found 3 plugins.
Preloading 0 native plugins for Editor in 0.00 ms.
Unloading 3033 Unused Serialized files (Serialized files now loaded: 0)
System memory in use before: 114.6 MB.
System memory in use after: 114.9 MB.

Unloading 18 unused Assets to reduce memory usage. Loaded Objects now: 3595.
Total: 2.308500 ms (FindLiveObjects: 0.273200 ms CreateObjectMapping: 0.102700 ms MarkObjects: 1.915500 ms  DeleteObjects: 0.016400 ms)

========================================================================
Received Prepare
Registering precompiled user dll's ...
Registered in 0.006799 seconds.
Begin MonoManager ReloadAssembly
Native extension for WindowsStandalone target not found
Refreshing native plugins compatible for Editor in 0.76 ms, found 3 plugins.
Preloading 0 native plugins for Editor in 0.00 ms.
Mono: successfully reloaded assembly
- Completed reload, in  1.224 seconds
Platform modules already initialized, skipping
Refreshing native plugins compatible for Editor in 0.97 ms, found 3 plugins.
Preloading 0 native plugins for Editor in 0.00 ms.
Unloading 3033 Unused Serialized files (Serialized files now loaded: 0)
System memory in use before: 114.6 MB.
System memory in use after: 114.9 MB.

Unloading 18 unused Assets to reduce memory usage. Loaded Objects now: 3598.
Total: 3.456400 ms (FindLiveObjects: 0.442100 ms CreateObjectMapping: 0.197800 ms MarkObjects: 2.773700 ms  DeleteObjects: 0.041700 ms)

========================================================================
Received Prepare
Registering precompiled user dll's ...
Registered in 0.323535 seconds.
Begin MonoManager ReloadAssembly
Native extension for WindowsStandalone target not found
Refreshing native plugins compatible for Editor in 0.60 ms, found 3 plugins.
Preloading 0 native plugins for Editor in 0.00 ms.
Mono: successfully reloaded assembly
- Completed reload, in  2.075 seconds
Platform modules already initialized, skipping
Refreshing native plugins compatible for Editor in 0.60 ms, found 3 plugins.
Preloading 0 native plugins for Editor in 0.00 ms.
Unloading 3033 Unused Serialized files (Serialized files now loaded: 0)
System memory in use before: 114.6 MB.
System memory in use after: 114.9 MB.

Unloading 18 unused Assets to reduce memory usage. Loaded Objects now: 3601.
Total: 2.228500 ms (FindLiveObjects: 0.284400 ms CreateObjectMapping: 0.116000 ms MarkObjects: 1.809800 ms  DeleteObjects: 0.017400 ms)

AssetImportWorkerClient::OnTransportError - code=2 error=End of file
